TN:
SF:src/app.ts
FN:11,(anonymous_1)
FN:28,(anonymous_2)
FN:29,(anonymous_3)
FN:31,(anonymous_4)
FN:38,(anonymous_5)
FN:39,(anonymous_6)
FN:42,(anonymous_7)
FN:47,(anonymous_8)
FNF:8
FNH:1
FNDA:3,(anonymous_1)
FNDA:0,(anonymous_2)
FNDA:0,(anonymous_3)
FNDA:0,(anonymous_4)
FNDA:0,(anonymous_5)
FNDA:0,(anonymous_6)
FNDA:0,(anonymous_7)
FNDA:0,(anonymous_8)
DA:1,2
DA:2,2
DA:3,2
DA:4,2
DA:5,2
DA:6,2
DA:7,2
DA:8,2
DA:9,2
DA:11,2
DA:12,3
DA:14,3
DA:15,3
DA:16,3
DA:18,3
DA:19,3
DA:21,3
DA:22,3
DA:23,3
DA:25,3
DA:28,2
DA:29,0
DA:30,0
DA:31,0
DA:32,0
DA:33,0
DA:34,0
DA:38,0
DA:39,0
DA:42,2
DA:43,0
DA:44,0
DA:46,0
DA:47,0
DA:48,0
DA:51,0
DA:54,0
DA:55,0
DA:59,2
LF:39
LH:23
BRF:0
BRH:0
end_of_record
TN:
SF:src/auth/loginUser.ts
FN:7,login
FNF:1
FNH:1
FNDA:7,login
DA:2,3
DA:3,3
DA:4,3
DA:5,3
DA:7,3
DA:8,7
DA:9,7
DA:10,2
DA:13,5
DA:14,5
DA:15,0
DA:18,5
DA:19,0
DA:22,5
DA:23,5
DA:25,5
LF:16
LH:14
BRDA:9,0,0,2
BRDA:14,1,0,0
BRDA:18,2,0,0
BRF:3
BRH:1
end_of_record
TN:
SF:src/auth/refreshUserToken.ts
FN:7,refreshToken
FNF:1
FNH:0
FNDA:0,refreshToken
DA:2,3
DA:3,3
DA:4,3
DA:5,3
DA:7,3
DA:8,0
DA:9,0
DA:10,0
DA:12,0
DA:13,0
DA:16,0
DA:17,0
DA:19,0
DA:25,0
LF:14
LH:5
BRDA:12,0,0,0
BRF:1
BRH:0
end_of_record
TN:
SF:src/auth/registerUser.ts
FN:7,register
FNF:1
FNH:1
FNDA:4,register
DA:2,3
DA:3,3
DA:4,3
DA:5,3
DA:7,3
DA:8,4
DA:9,4
DA:10,2
DA:13,2
DA:15,2
DA:16,2
DA:18,2
LF:12
LH:12
BRDA:9,0,0,2
BRF:1
BRH:1
end_of_record
TN:
SF:src/config/config.ts
FNF:0
FNH:0
DA:2,7
DA:3,7
DA:5,7
DA:7,7
DA:22,7
DA:24,7
LF:6
LH:6
BRDA:10,0,0,7
BRDA:10,0,1,0
BRDA:11,1,0,7
BRDA:11,1,1,0
BRDA:14,2,0,7
BRDA:14,2,1,0
BRF:6
BRH:3
end_of_record
TN:
SF:src/config/env-validator.ts
FN:2,(anonymous_0)
FN:10,(anonymous_1)
FNF:2
FNH:2
FNDA:7,(anonymous_0)
FNDA:35,(anonymous_1)
DA:2,7
DA:3,7
DA:10,35
DA:12,7
DA:13,0
LF:5
LH:4
BRDA:12,0,0,0
BRF:1
BRH:0
end_of_record
TN:
SF:src/controllers/authController.ts
FN:9,registerController
FN:18,loginController
FN:27,refreshTokenController
FN:41,getCurrentUserController
FN:58,logoutController
FNF:5
FNH:4
FNDA:4,registerController
FNDA:7,loginController
FNDA:0,refreshTokenController
FNDA:3,getCurrentUserController
FNDA:2,logoutController
DA:2,3
DA:3,3
DA:4,3
DA:5,3
DA:6,3
DA:7,3
DA:9,3
DA:10,4
DA:11,4
DA:12,2
DA:14,2
DA:18,3
DA:19,7
DA:20,7
DA:21,5
DA:23,2
DA:27,3
DA:28,0
DA:29,0
DA:30,0
DA:31,0
DA:34,0
DA:35,0
DA:37,0
DA:41,3
DA:42,3
DA:43,3
DA:44,1
DA:47,2
DA:48,2
DA:49,0
DA:52,2
DA:54,1
DA:58,3
DA:59,2
DA:60,2
DA:65,0
LF:37
LH:28
BRDA:30,0,0,0
BRDA:43,1,0,1
BRDA:48,2,0,0
BRF:3
BRH:1
end_of_record
TN:
SF:src/db/mongoose.ts
FN:9,(anonymous_1)
FN:16,(anonymous_2)
FN:28,(anonymous_3)
FNF:3
FNH:2
FNDA:7,(anonymous_1)
FNDA:0,(anonymous_2)
FNDA:7,(anonymous_3)
DA:1,7
DA:2,7
DA:3,7
DA:4,7
DA:6,7
DA:7,7
DA:9,7
DA:10,7
DA:11,7
DA:12,7
DA:14,0
DA:15,0
DA:16,0
DA:18,0
DA:28,7
DA:29,7
DA:30,7
DA:31,7
DA:33,0
DA:37,7
LF:20
LH:15
BRDA:9,0,0,7
BRDA:14,1,0,0
BRDA:14,1,1,0
BRF:3
BRH:1
end_of_record
TN:
SF:src/errors/AppError.ts
FN:5,(anonymous_0)
FNF:1
FNH:1
FNDA:15,(anonymous_0)
DA:4,7
DA:7,15
DA:8,15
DA:9,15
DA:11,15
DA:12,15
LF:6
LH:6
BRF:0
BRH:0
end_of_record
TN:
SF:src/middleware/auth.ts
FN:15,(anonymous_0)
FN:37,(anonymous_1)
FN:38,(anonymous_2)
FN:62,(anonymous_3)
FNF:4
FNH:3
FNDA:7,(anonymous_0)
FNDA:2,(anonymous_1)
FNDA:2,(anonymous_2)
FNDA:0,(anonymous_3)
DA:2,3
DA:3,3
DA:5,3
DA:15,3
DA:20,7
DA:21,7
DA:23,7
DA:24,2
DA:27,5
DA:28,5
DA:30,3
DA:31,3
DA:33,4
DA:37,3
DA:38,2
DA:39,2
DA:40,2
DA:41,0
DA:47,2
DA:48,1
DA:54,1
DA:56,1
DA:61,3
DA:62,3
DA:63,0
LF:25
LH:23
BRDA:23,0,0,2
BRDA:40,1,0,0
BRDA:47,2,0,1
BRF:3
BRH:2
end_of_record
TN:
SF:src/middleware/not-found.ts
FN:5,(anonymous_0)
FNF:1
FNH:0
FNDA:0,(anonymous_0)
DA:2,2
DA:3,2
DA:5,2
DA:6,0
DA:10,0
LF:5
LH:3
BRF:0
BRH:0
end_of_record
TN:
SF:src/middleware/rateLimiting.ts
FNF:0
FNH:0
DA:1,2
DA:3,2
DA:9,2
LF:3
LH:3
BRF:0
BRH:0
end_of_record
TN:
SF:src/middleware/validation.ts
FN:7,(anonymous_0)
FN:8,(anonymous_1)
FN:19,(anonymous_2)
FN:24,(anonymous_3)
FNF:4
FNH:4
FNDA:6,(anonymous_0)
FNDA:8,(anonymous_1)
FNDA:5,(anonymous_2)
FNDA:5,(anonymous_3)
DA:2,2
DA:3,2
DA:4,2
DA:7,2
DA:8,6
DA:9,8
DA:10,8
DA:16,7
DA:18,1
DA:19,5
DA:24,1
DA:25,5
DA:28,1
DA:35,0
LF:14
LH:13
BRDA:18,0,0,1
BRDA:18,0,1,0
BRF:2
BRH:1
end_of_record
TN:
SF:src/middleware/error/error-logger.ts
FN:4,(anonymous_0)
FNF:1
FNH:1
FNDA:5,(anonymous_0)
DA:4,2
DA:10,5
DA:18,5
LF:3
LH:3
BRDA:15,0,0,5
BRDA:15,0,1,0
BRF:2
BRH:1
end_of_record
TN:
SF:src/middleware/error/error-responder.ts
FN:5,(anonymous_0)
FNF:1
FNH:1
FNDA:5,(anonymous_0)
DA:2,2
DA:5,2
DA:11,5
DA:13,5
DA:21,5
LF:5
LH:5
BRDA:11,0,0,5
BRDA:11,0,1,0
BRDA:15,1,0,5
BRDA:15,1,1,0
BRF:4
BRH:2
end_of_record
TN:
SF:src/models/User.ts
FN:4,(anonymous_10)
FN:10,(anonymous_11)
FN:16,(anonymous_12)
FN:65,(anonymous_13)
FN:94,(anonymous_14)
FN:103,(anonymous_15)
FN:116,(anonymous_16)
FN:129,(anonymous_17)
FN:137,(anonymous_18)
FN:141,(anonymous_19)
FNF:10
FNH:7
FNDA:5,(anonymous_10)
FNDA:5,(anonymous_11)
FNDA:5,(anonymous_12)
FNDA:15,(anonymous_13)
FNDA:0,(anonymous_14)
FNDA:9,(anonymous_15)
FNDA:15,(anonymous_16)
FNDA:5,(anonymous_17)
FNDA:0,(anonymous_18)
FNDA:0,(anonymous_19)
DA:1,5
DA:2,5
DA:4,5
DA:5,5
DA:6,5
DA:7,5
DA:10,5
DA:11,5
DA:12,5
DA:13,5
DA:16,5
DA:17,5
DA:18,5
DA:19,5
DA:20,5
DA:39,5
DA:66,15
DA:95,0
DA:96,0
DA:97,0
DA:98,0
DA:99,0
DA:104,9
DA:105,9
DA:106,9
DA:107,9
DA:108,9
DA:114,5
DA:116,5
DA:117,15
DA:118,15
DA:120,15
DA:121,15
DA:122,15
DA:123,15
DA:125,0
DA:129,5
DA:130,5
DA:131,5
DA:133,0
DA:137,5
DA:138,0
DA:141,5
DA:142,0
DA:145,5
LF:45
LH:36
BRDA:4,0,0,5
BRDA:4,0,1,5
BRDA:10,1,0,5
BRDA:10,1,1,5
BRDA:16,2,0,5
BRDA:16,2,1,5
BRDA:117,3,0,0
BRDA:118,4,0,0
BRF:8
BRH:6
end_of_record
TN:
SF:src/routes/auth.ts
FNF:0
FNH:0
DA:2,2
DA:3,2
DA:4,2
DA:5,2
DA:6,2
DA:7,2
DA:15,2
DA:17,2
DA:18,2
DA:19,2
DA:21,2
DA:22,2
DA:24,2
LF:13
LH:13
BRF:0
BRH:0
end_of_record
TN:
SF:src/routes/health.ts
FN:6,(anonymous_0)
FNF:1
FNH:1
FNDA:1,(anonymous_0)
DA:1,2
DA:2,2
DA:4,2
DA:6,2
DA:7,1
DA:14,2
LF:6
LH:6
BRF:0
BRH:0
end_of_record
TN:
SF:src/utils/jwt.ts
FN:12,(anonymous_1)
FN:31,(anonymous_2)
FN:50,(anonymous_3)
FNF:3
FNH:3
FNDA:12,(anonymous_1)
FNDA:8,(anonymous_2)
FNDA:12,(anonymous_3)
DA:1,5
DA:3,5
DA:4,5
DA:5,5
DA:12,5
DA:13,12
DA:14,12
DA:19,12
DA:24,0
DA:31,5
DA:32,8
DA:33,8
DA:38,8
DA:43,0
DA:50,5
DA:51,12
DA:52,12
DA:56,6
DA:57,1
DA:61,5
DA:62,5
DA:67,0
LF:22
LH:19
BRDA:56,0,0,1
BRDA:56,0,1,5
BRDA:61,1,0,5
BRDA:61,1,1,0
BRF:4
BRH:3
end_of_record
TN:
SF:src/utils/password.ts
FN:11,(anonymous_0)
FN:17,(anonymous_1)
FNF:2
FNH:2
FNDA:7,(anonymous_0)
FNDA:9,(anonymous_1)
DA:1,3
DA:3,3
DA:11,3
DA:12,7
DA:13,7
DA:14,1
DA:16,6
DA:17,9
DA:19,0
LF:9
LH:8
BRDA:16,0,0,6
BRF:1
BRH:1
end_of_record
TN:
SF:src/validators/authValidator.ts
FNF:0
FNH:0
DA:1,2
DA:2,2
DA:4,2
DA:13,2
DA:20,2
LF:5
LH:5
BRF:0
BRH:0
end_of_record
